<?xml version="1.0" encoding="UTF-8"?>
<!-- Generated by org.testng.reporters.JUnitXMLReporter -->
<testsuite ignored="0" hostname="DESKTOP-IVPDQQL" failures="0" tests="3" name="Default test" time="9.191" errors="0" timestamp="2024-04-05T21:48:03 IST">
  <testcase classname="testcases.TC_001_LandingPageValidation" name="landingPageValidation" time="1.126"/>
  <testcase classname="testcases.TC_001_LandingPageValidation" name="loginPageValidation" time="1.073"/>
  <testcase classname="testcases.TC_001_LandingPageValidation" name="loginPageValidation" time="0.55"/>
</testsuite> <!-- Default test -->
