<?xml version="1.0" encoding="UTF-8"?>
<testng-results ignored="0" total="3" passed="3" failed="0" skipped="0">
  <reporter-output>
    <line>
      <![CDATA[suit level execution started]]>
    </line>
    <line>
      <![CDATA[test level execution started]]>
    </line>
  </reporter-output>
  <suite started-at="2024-04-05T21:47:54 IST" name="Default suite" finished-at="2024-04-05T21:48:03 IST" duration-ms="9191">
    <groups>
    </groups>
    <test started-at="2024-04-05T21:47:54 IST" name="Default test" finished-at="2024-04-05T21:48:03 IST" duration-ms="9191">
      <class name="testcases.TC_001_LandingPageValidation">
        <test-method is-config="true" signature="suitLevelExecution()[pri:0, instance:testcases.TC_001_LandingPageValidation@576d5deb]" started-at="2024-04-05T21:47:54 IST" name="suitLevelExecution" finished-at="2024-04-05T21:47:54 IST" duration-ms="25" status="PASS">
          <reporter-output>
            <line>
              <![CDATA[suit level execution started]]>
            </line>
          </reporter-output>
        </test-method> <!-- suitLevelExecution -->
        <test-method is-config="true" signature="testLevelExecution()[pri:0, instance:testcases.TC_001_LandingPageValidation@576d5deb]" started-at="2024-04-05T21:47:54 IST" name="testLevelExecution" finished-at="2024-04-05T21:47:54 IST" duration-ms="2" status="PASS">
          <reporter-output>
            <line>
              <![CDATA[test level execution started]]>
            </line>
          </reporter-output>
        </test-method> <!-- testLevelExecution -->
        <test-method is-config="true" signature="setup()[pri:0, instance:testcases.TC_001_LandingPageValidation@576d5deb]" started-at="2024-04-05T21:47:54 IST" name="setup" finished-at="2024-04-05T21:48:00 IST" duration-ms="5903" status="PASS">
          <reporter-output>
          </reporter-output>
        </test-method> <!-- setup -->
        <test-method signature="landingPageValidation()[pri:0, instance:testcases.TC_001_LandingPageValidation@576d5deb]" started-at="2024-04-05T21:48:00 IST" name="landingPageValidation" finished-at="2024-04-05T21:48:01 IST" duration-ms="1126" status="PASS">
          <reporter-output>
          </reporter-output>
        </test-method> <!-- landingPageValidation -->
        <test-method signature="loginPageValidation()[pri:0, instance:testcases.TC_001_LandingPageValidation@576d5deb]" started-at="2024-04-05T21:48:01 IST" name="loginPageValidation" finished-at="2024-04-05T21:48:02 IST" depends-on-methods="testcases.TC_001_LandingPageValidation.landingPageValidation" duration-ms="1073" status="PASS">
          <reporter-output>
          </reporter-output>
        </test-method> <!-- loginPageValidation -->
        <test-method signature="loginPageValidation()[pri:0, instance:testcases.TC_001_LandingPageValidation@576d5deb]" started-at="2024-04-05T21:48:02 IST" name="loginPageValidation" finished-at="2024-04-05T21:48:03 IST" depends-on-methods="testcases.TC_001_LandingPageValidation.landingPageValidation" duration-ms="550" status="PASS">
          <reporter-output>
          </reporter-output>
        </test-method> <!-- loginPageValidation -->
        <test-method is-config="true" signature="tearDown()[pri:0, instance:testcases.TC_001_LandingPageValidation@576d5deb]" started-at="2024-04-05T21:48:03 IST" name="tearDown" finished-at="2024-04-05T21:48:03 IST" duration-ms="379" status="PASS">
          <reporter-output>
          </reporter-output>
        </test-method> <!-- tearDown -->
      </class> <!-- testcases.TC_001_LandingPageValidation -->
    </test> <!-- Default test -->
  </suite> <!-- Default suite -->
</testng-results>
